C51 COMPILER V9.57.0.0   BUTTON                                                            04/04/2020 19:35:31 PAGE 1   


C51 COMPILER V9.57.0.0, COMPILATION OF MODULE BUTTON
OBJECT MODULE PLACED IN .\Objects\button.obj
COMPILER INVOKED BY: E:\MDK\install\Core\C51\BIN\C51.EXE button.c OPTIMIZE(8,SPEED) BROWSE DEBUG OBJECTEXTEND PRINT(.\Li
                    -stings\button.lst) OBJECT(.\Objects\button.obj)

line level    source

   1          #include "button.h"
   2          
   3          uchar code segment[] = {0xC0,0xF9,0xA4,0xB0,0x99,0x92,0x82,0xF8,0x80,0x90,0x88,0x83,0xC6,0xA1,0x86,0x8E};
   4          uchar Key_Number = 0;
   5          
   6          void Delay2ms()         //@11.0592MHz
   7          {
   8   1              unsigned char i, j;
   9   1              _nop_();
  10   1              _nop_();
  11   1              i = 22;
  12   1              j = 128;
  13   1              do
  14   1              {
  15   2                      while (--j);
  16   2              } while (--i);
  17   1      }
  18          
  19          
  20          void System_Init()
  21          {
  22   1              HC138_A = 1;
  23   1              HC138_B = 0;
  24   1              HC138_C = 1;
  25   1              WR = 0;
  26   1              P0 = 0x00;
  27   1              HC138_A = 0;
  28   1              HC138_B = 0;
  29   1              HC138_C = 1;
  30   1              WR = 0;
  31   1              P0 = 0xFF;
  32   1      }
  33          
  34          void DisplayNum(uchar number)
  35          {
  36   1              HC138_A = 0;
  37   1              HC138_B = 1;
  38   1              HC138_C = 1;
  39   1              WR = 0;
  40   1              P0 = 0xFF;
  41   1              HC138_A = 1;
  42   1              HC138_B = 1;
  43   1              HC138_C = 1;
  44   1              WR = 0;
  45   1              P0 = segment[number];
  46   1      }
  47          
  48          void Matrix_Key()
  49          {
  50   1              // Row One
  51   1              row_1 = 0;
  52   1              row_2 = row_3 = row_4 = 1;
  53   1              col_1 = col_2 = col_3 = col_4 = 1;
  54   1              if(col_1 == 0)
C51 COMPILER V9.57.0.0   BUTTON                                                            04/04/2020 19:35:31 PAGE 2   

  55   1              {
  56   2                      Key_Number = 0;
  57   2              }
  58   1              else if(col_2 == 0)
  59   1              {
  60   2                      Key_Number = 1;
  61   2              }
  62   1              else if(col_3 == 0)
  63   1              {
  64   2                      Key_Number = 2;
  65   2              }
  66   1              else if(col_4 == 0)
  67   1              {
  68   2                      Key_Number = 3;
  69   2              }
  70   1              
  71   1              // Row two
  72   1              row_2 = 0;
  73   1              row_1 = row_3 = row_4 = 1;
  74   1              col_1 = col_2 = col_3 = col_4 = 1;
  75   1              if(col_1 == 0)
  76   1              {
  77   2                      Key_Number = 4;
  78   2              }
  79   1              else if(col_2 == 0)
  80   1              {
  81   2                      Key_Number = 5;
  82   2              }
  83   1              else if(col_3 == 0)
  84   1              {
  85   2                      Key_Number = 6;
  86   2              }
  87   1              else if(col_4 == 0)
  88   1              {
  89   2                      Key_Number = 7;
  90   2              }
  91   1              
  92   1              // Row three
  93   1              row_3 = 0;
  94   1              row_1 = row_2 = row_4 = 1;
  95   1              col_1 = col_2 = col_3 = col_4 = 1;
  96   1              if(col_1 == 0)
  97   1              {
  98   2                      Key_Number = 8;
  99   2              }
 100   1              else if(col_2 == 0)
 101   1              {
 102   2                      Key_Number = 9;
 103   2              }
 104   1              else if(col_3 == 0)
 105   1              {
 106   2                      Key_Number = 10;
 107   2              }
 108   1              else if(col_4 == 0)
 109   1              {
 110   2                      Key_Number = 11;
 111   2              }
 112   1              
 113   1              // Row four
 114   1              row_4 = 0;
 115   1              row_1 = row_2 = row_3 = 1;
 116   1              col_1 = col_2 = col_3 = col_4 = 1;
C51 COMPILER V9.57.0.0   BUTTON                                                            04/04/2020 19:35:31 PAGE 3   

 117   1              if(col_1 == 0)
 118   1              {
 119   2                      Key_Number = 12;
 120   2              }
 121   1              else if(col_2 == 0)
 122   1              {
 123   2                      Key_Number = 13;
 124   2              }
 125   1              else if(col_3 == 0)
 126   1              {
 127   2                      Key_Number = 14;
 128   2              }
 129   1              else if(col_4 == 0)
 130   1              {
 131   2                      Key_Number = 15;
 132   2              }
 133   1              
 134   1              DisplayNum(Key_Number);
 135   1      }


MODULE INFORMATION:   STATIC OVERLAYABLE
   CODE SIZE        =    250    ----
   CONSTANT SIZE    =     16    ----
   XDATA SIZE       =   ----    ----
   PDATA SIZE       =   ----    ----
   DATA SIZE        =      1    ----
   IDATA SIZE       =   ----    ----
   BIT SIZE         =   ----    ----
END OF MODULE INFORMATION.


C51 COMPILATION COMPLETE.  0 WARNING(S),  0 ERROR(S)
