C51 COMPILER V9.57.0.0   TUBE                                                              04/04/2020 19:34:05 PAGE 1   


C51 COMPILER V9.57.0.0, COMPILATION OF MODULE TUBE
OBJECT MODULE PLACED IN .\Objects\tube.obj
COMPILER INVOKED BY: E:\MDK\install\Core\C51\BIN\C51.EXE tube.c OPTIMIZE(8,SPEED) BROWSE DEBUG OBJECTEXTEND PRINT(.\List
                    -ings\tube.lst) OBJECT(.\Objects\tube.obj)

line level    source

   1          #include "tube.h"
   2          
   3          uchar code tab[] = {0xc0,0xf9,0xa4,0xb0,0x99,0x92,0x82,0xf8,0x80,0x90,0xff};
   4          uchar code segment[] = {0x01,0x02,0x04,0x08,0x10,0x20,0x40,0x80};
   5          
   6          void Delay600us()               //@11.0592MHz
   7          {
   8   1              unsigned char i, j;
   9   1              i = 7;
  10   1              j = 113;
  11   1              do
  12   1              {
  13   2                      while (--j);
  14   2              } while (--i);
  15   1      }
  16          
  17          
  18          void System_Init()
  19          {
  20   1              HC138_A = 1;
  21   1              HC138_B = 0;
  22   1              HC138_C = 1;
  23   1              WR = 0;
  24   1              P0 = 0x00;
  25   1              HC138_A = 0;
  26   1              HC138_B = 0;
  27   1              HC138_C = 1;
  28   1              WR = 0;
  29   1              P0 = 0xFF;
  30   1      }
  31          
  32          void tube_segment(uint number)
  33          {
  34   1              uchar segment;
  35   1              segment = tab[number];
  36   1              HC138_A = 1;
  37   1              HC138_B = 1;
  38   1              HC138_C = 1;
  39   1              WR = 0;                 // Y7C
  40   1              P0 = segment;
  41   1      }
  42          
  43          void tube_selection(uchar selection)
  44          {
  45   1              HC138_A = 0;
  46   1              HC138_B = 1;
  47   1              HC138_C = 1;
  48   1              WR = 0;
  49   1              P0 = selection;
  50   1      }
  51          
  52          void tube_show(uint number, uchar segment)
  53          {
  54   1              tube_selection(OFF_SELECTION);
C51 COMPILER V9.57.0.0   TUBE                                                              04/04/2020 19:34:05 PAGE 2   

  55   1              tube_segment(number);
  56   1              tube_selection(segment);
  57   1              Delay600us();
  58   1              tube_segment(OFF_SEGMENT);
  59   1      }


MODULE INFORMATION:   STATIC OVERLAYABLE
   CODE SIZE        =     95    ----
   CONSTANT SIZE    =     19    ----
   XDATA SIZE       =   ----    ----
   PDATA SIZE       =   ----    ----
   DATA SIZE        =   ----    ----
   IDATA SIZE       =   ----    ----
   BIT SIZE         =   ----    ----
END OF MODULE INFORMATION.


C51 COMPILATION COMPLETE.  0 WARNING(S),  0 ERROR(S)
