C51 COMPILER V9.57.0.0   MAIN                                                              04/04/2020 19:04:31 PAGE 1   


C51 COMPILER V9.57.0.0, COMPILATION OF MODULE MAIN
OBJECT MODULE PLACED IN .\Objects\main.obj
COMPILER INVOKED BY: E:\MDK\install\Core\C51\BIN\C51.EXE main.c OPTIMIZE(8,SPEED) BROWSE DEBUG OBJECTEXTEND PRINT(.\List
                    -ings\main.lst) OBJECT(.\Objects\main.obj)

line level    source

   1          #include "tube.h"
   2          
   3          //// Digital tube segment from 0 to 9
   4          uchar code tab[] = {0xc0,0xf9,0xa4,0xb0,0x99,0x92,0x82,0xf8,0x80,0x90};
   5          
   6          void main()
   7          {
   8   1              uint i;
   9   1              System_Init();
  10   1              tube_selection();
  11   1              tube_segment();
  12   1              while(1)
  13   1              {
  14   2                      // Digital tube segment selection
  15   2                      for(i=0; i<9; i++)
  16   2                      {
  17   3                              P0 = tab[i];
  18   3                              Delay1000ms();
  19   3                      }
  20   2              }
  21   1      }


MODULE INFORMATION:   STATIC OVERLAYABLE
   CODE SIZE        =     52    ----
   CONSTANT SIZE    =     10    ----
   XDATA SIZE       =   ----    ----
   PDATA SIZE       =   ----    ----
   DATA SIZE        =   ----       2
   IDATA SIZE       =   ----    ----
   BIT SIZE         =   ----    ----
END OF MODULE INFORMATION.


C51 COMPILATION COMPLETE.  0 WARNING(S),  0 ERROR(S)
