C51 COMPILER V9.57.0.0   TUBE                                                              04/04/2020 19:04:31 PAGE 1   


C51 COMPILER V9.57.0.0, COMPILATION OF MODULE TUBE
OBJECT MODULE PLACED IN .\Objects\tube.obj
COMPILER INVOKED BY: E:\MDK\install\Core\C51\BIN\C51.EXE tube.c OPTIMIZE(8,SPEED) BROWSE DEBUG OBJECTEXTEND PRINT(.\List
                    -ings\tube.lst) OBJECT(.\Objects\tube.obj)

line level    source

   1          #include "tube.h"
   2          
   3          void Delay1000ms()              //@11.0592MHz
   4          {
   5   1              unsigned char i, j, k;
   6   1              _nop_();
   7   1              _nop_();
   8   1              i = 43;
   9   1              j = 6;
  10   1              k = 203;
  11   1              do
  12   1              {
  13   2                      do
  14   2                      {
  15   3                              while (--k);
  16   3                      } while (--j);
  17   2              } while (--i);
  18   1      }
  19          
  20          
  21          void System_Init()
  22          {
  23   1              HC138_A = 1;
  24   1              HC138_B = 0;
  25   1              HC138_C = 1;
  26   1              WR = 0;         // Reset WR  -->  Set Y5C
  27   1              P0 = 0x00;
  28   1              HC138_A = 0;
  29   1              HC138_B = 0;
  30   1              HC138_C = 1;
  31   1              WR = 0;         // Reset WR  -->  Set Y4C
  32   1              P0 = 0xFF;
  33   1      }
  34          void tube_selection()
  35          {
  36   1              // Reset Y6
  37   1              HC138_A = 0;
  38   1              HC138_B = 1;
  39   1              HC138_C = 1;
  40   1              WR = 0;         // Reset WR  -->  Set Y6C
  41   1              // Digital tube selection
  42   1              P0 = 0xFF;
  43   1      }
  44          
  45          void tube_segment()
  46          {
  47   1              // Reset Y7
  48   1              HC138_A = 1;
  49   1              HC138_B = 1;
  50   1              HC138_C = 1;
  51   1              WR = 0;         // Reset WR  -->  Set Y7C
  52   1      }


C51 COMPILER V9.57.0.0   TUBE                                                              04/04/2020 19:04:31 PAGE 2   

MODULE INFORMATION:   STATIC OVERLAYABLE
   CODE SIZE        =     59    ----
   CONSTANT SIZE    =   ----    ----
   XDATA SIZE       =   ----    ----
   PDATA SIZE       =   ----    ----
   DATA SIZE        =   ----    ----
   IDATA SIZE       =   ----    ----
   BIT SIZE         =   ----    ----
END OF MODULE INFORMATION.


C51 COMPILATION COMPLETE.  0 WARNING(S),  0 ERROR(S)
